2017-11-21 11:44:18,111 [main] INFO  orbis-grcmanager.env - 
-=[orbis_grcmanager started successfully using the development profile]=- 
2017-11-21 11:44:19,297 [main] INFO  luminus.http-server - starting HTTP server on port 3000 
2017-11-21 11:44:19,604 [main] INFO  org.xnio - XNIO version 3.3.6.Final 
2017-11-21 11:44:21,414 [main] INFO  org.projectodd.wunderboss.web.Web - Registered web context / 
2017-11-21 11:44:21,418 [main] INFO  luminus.repl-server - starting nREPL server on port 7000 
2017-11-21 11:44:21,448 [main] INFO  orbis-grcmanager.core - #'orbis-grcmanager.config/env started 
2017-11-21 11:44:21,449 [main] INFO  orbis-grcmanager.core - #'orbis-grcmanager.db.core/*db* started 
2017-11-21 11:44:21,450 [main] INFO  orbis-grcmanager.core - #'orbis-grcmanager.routes.services.auth/host started 
2017-11-21 11:44:21,451 [main] INFO  orbis-grcmanager.core - #'orbis-grcmanager.routes.services.auth/ldap-pool started 
2017-11-21 11:44:21,452 [main] INFO  orbis-grcmanager.core - #'orbis-grcmanager.handler/init-app started 
2017-11-21 11:44:21,452 [main] INFO  orbis-grcmanager.core - #'orbis-grcmanager.core/http-server started 
2017-11-21 11:44:21,452 [main] INFO  orbis-grcmanager.core - #'orbis-grcmanager.core/repl-server started 
2017-11-21 11:52:53,752 [XNIO-1 task-20] INFO  orbis-grcmanager.env - 
-=[orbis_grcmanager has shut down successfully]=- 
2017-11-21 11:52:53,754 [XNIO-1 task-20] INFO  orbis-grcmanager.env - 
-=[orbis_grcmanager started successfully using the development profile]=- 
2017-11-21 11:53:22,972 [XNIO-1 task-2] INFO  o.routes.services.auth - user: admin successfully logged in from 0:0:0:0:0:0:0:1 localhost 
2017-11-21 11:53:22,972 [XNIO-1 task-9] INFO  o.routes.services.auth - user: admin successfully logged in from 0:0:0:0:0:0:0:1 localhost 
2017-11-21 11:53:50,093 [XNIO-1 task-18] ERROR o.routes.services.riskregister - error handling request 
org.postgresql.util.PSQLException: ERROR: no existe la columna riskregister.owner_risk_register
  Position: 164
	at org.postgresql.core.v3.QueryExecutorImpl.receiveErrorResponse(QueryExecutorImpl.java:2198) ~[postgresql-9.3-1102.jdbc41.jar:na]
	at org.postgresql.core.v3.QueryExecutorImpl.processResults(QueryExecutorImpl.java:1927) ~[postgresql-9.3-1102.jdbc41.jar:na]
	at org.postgresql.core.v3.QueryExecutorImpl.execute(QueryExecutorImpl.java:255) ~[postgresql-9.3-1102.jdbc41.jar:na]
	at org.postgresql.jdbc2.AbstractJdbc2Statement.execute(AbstractJdbc2Statement.java:561) ~[postgresql-9.3-1102.jdbc41.jar:na]
	at org.postgresql.jdbc2.AbstractJdbc2Statement.executeWithFlags(AbstractJdbc2Statement.java:419) ~[postgresql-9.3-1102.jdbc41.jar:na]
	at org.postgresql.jdbc2.AbstractJdbc2Statement.executeQuery(AbstractJdbc2Statement.java:304) ~[postgresql-9.3-1102.jdbc41.jar:na]
	at com.zaxxer.hikari.pool.ProxyPreparedStatement.executeQuery(ProxyPreparedStatement.java:52) ~[HikariCP-2.5.1.jar:na]
	at com.zaxxer.hikari.pool.HikariProxyPreparedStatement.executeQuery(HikariProxyPreparedStatement.java) ~[HikariCP-2.5.1.jar:na]
	at clojure.java.jdbc$db_query_with_resultset$run_query_with_params__39376.invoke(jdbc.clj:831) ~[na:na]
	at clojure.java.jdbc$db_query_with_resultset.invokeStatic(jdbc.clj:850) ~[na:na]
	at clojure.java.jdbc$db_query_with_resultset.invoke(jdbc.clj:818) ~[na:na]
	at clojure.java.jdbc$query.invokeStatic(jdbc.clj:874) ~[na:na]
	at clojure.java.jdbc$query.invoke(jdbc.clj:854) ~[na:na]
	at clojure.java.jdbc$query.invokeStatic(jdbc.clj:867) ~[na:na]
	at clojure.java.jdbc$query.invoke(jdbc.clj:854) ~[na:na]
	at clojure.lang.AFn.applyToHelper(AFn.java:156) ~[clojure-1.8.0.jar:na]
	at clojure.lang.AFn.applyTo(AFn.java:144) ~[clojure-1.8.0.jar:na]
	at clojure.core$apply.invokeStatic(core.clj:650) [clojure-1.8.0.jar:na]
	at clojure.core$apply.invoke(core.clj:641) [clojure-1.8.0.jar:na]
	at hugsql.adapter.clojure_java_jdbc.HugsqlAdapterClojureJavaJdbc.query(clojure_java_jdbc.clj:15) ~[na:na]
	at hugsql.adapter$eval40021$fn__40084$G__40003__40089.invoke(adapter.clj:3) ~[na:na]
	at hugsql.adapter$eval40021$fn__40084$G__40002__40095.invoke(adapter.clj:3) ~[na:na]
	at clojure.lang.Var.invoke(Var.java:394) [clojure-1.8.0.jar:na]
	at hugsql.core$db_fn_STAR_$y__40342.doInvoke(core.clj:463) ~[na:na]
	at clojure.lang.RestFn.invoke(RestFn.java:445) [clojure-1.8.0.jar:na]
	at hugsql.core$db_fn_STAR_$y__40342.invoke(core.clj:453) ~[na:na]
	at orbis_grcmanager.db.core$eval40802$fn__40825.invoke(core.clj:24) ~[na:na]
	at orbis_grcmanager.routes.services.riskregister$risk_register_by_id.invokeStatic(riskregister.clj:156) [na:na]
	at orbis_grcmanager.routes.services.riskregister$risk_register_by_id.invoke(riskregister.clj:155) [na:na]
	at orbis_grcmanager.routes.services$fn__47517$fn__47523.invoke(services.clj:134) [na:na]
	at compojure.core$wrap_response$fn__27809.invoke(core.clj:158) [na:na]
	at compojure.core$pre_init$fn__27906.invoke(core.clj:328) [na:na]
	at compojure.api.coerce$body_coercer_middleware$fn__37153.invoke(coerce.clj:51) [na:na]
	at compojure.core$pre_init$fn__27908$fn__27911.invoke(core.clj:335) [na:na]
	at compojure.core$wrap_route_middleware$fn__27793.invoke(core.clj:127) [na:na]
	at compojure.core$wrap_route_info$fn__27798.invoke(core.clj:137) [na:na]
	at compojure.core$wrap_route_matches$fn__27802.invoke(core.clj:146) [na:na]
	at compojure.core$wrap_routes$fn__27918.invoke(core.clj:348) [na:na]
	at compojure.api.routes.Route.invoke(routes.clj:74) [na:na]
	at compojure.core$routing$fn__27817.invoke(core.clj:185) [na:na]
	at clojure.core$some.invokeStatic(core.clj:2592) [clojure-1.8.0.jar:na]
	at clojure.core$some.invoke(core.clj:2583) [clojure-1.8.0.jar:na]
	at compojure.core$routing.invokeStatic(core.clj:185) [na:na]
	at compojure.core$routing.doInvoke(core.clj:182) [na:na]
	at clojure.lang.RestFn.applyTo(RestFn.java:139) [clojure-1.8.0.jar:na]
	at clojure.core$apply.invokeStatic(core.clj:648) [clojure-1.8.0.jar:na]
	at clojure.core$apply.invoke(core.clj:641) [clojure-1.8.0.jar:na]
	at compojure.core$routes$fn__27821.invoke(core.clj:192) [na:na]
	at buddy.auth.accessrules$restrict$fn__42133.invoke(accessrules.clj:374) [na:na]
	at compojure.core$routing$fn__27817.invoke(core.clj:185) [na:na]
	at clojure.core$some.invokeStatic(core.clj:2592) [clojure-1.8.0.jar:na]
	at clojure.core$some.invoke(core.clj:2583) [clojure-1.8.0.jar:na]
	at compojure.core$routing.invokeStatic(core.clj:185) [na:na]
	at compojure.core$routing.doInvoke(core.clj:182) [na:na]
	at clojure.lang.RestFn.applyTo(RestFn.java:139) [clojure-1.8.0.jar:na]
	at clojure.core$apply.invokeStatic(core.clj:648) [clojure-1.8.0.jar:na]
	at clojure.core$apply.invoke(core.clj:641) [clojure-1.8.0.jar:na]
	at compojure.core$routes$fn__27821.invoke(core.clj:192) [na:na]
	at compojure.core$make_context$handler__27887.invoke(core.clj:285) [na:na]
	at compojure.core$make_context$fn__27889.invoke(core.clj:293) [na:na]
	at compojure.api.routes.Route.invoke(routes.clj:74) [na:na]
	at compojure.api.core$handle$fn__37348.invoke(core.clj:8) [na:na]
	at clojure.core$some.invokeStatic(core.clj:2592) [clojure-1.8.0.jar:na]
	at clojure.core$some.invoke(core.clj:2583) [clojure-1.8.0.jar:na]
	at compojure.api.core$handle.invokeStatic(core.clj:8) [na:na]
	at compojure.api.core$handle.invoke(core.clj:7) [na:na]
	at clojure.core$partial$fn__4759.invoke(core.clj:2515) [clojure-1.8.0.jar:na]
	at compojure.api.routes.Route.invoke(routes.clj:74) [na:na]
	at ring.swagger.middleware$wrap_swagger_data$fn__34510.invoke(middleware.clj:33) [na:na]
	at ring.middleware.http_response$wrap_http_response$fn__31845.invoke(http_response.clj:19) [na:na]
	at ring.swagger.middleware$wrap_swagger_data$fn__34510.invoke(middleware.clj:33) [na:na]
	at compojure.api.middleware$wrap_options$fn__35791.invoke(middleware.clj:74) [na:na]
	at ring.middleware.format_params$wrap_format_params$fn__31576.invoke(format_params.clj:119) [na:na]
	at ring.middleware.format_params$wrap_format_params$fn__31576.invoke(format_params.clj:119) [na:na]
	at ring.middleware.format_params$wrap_format_params$fn__31576.invoke(format_params.clj:119) [na:na]
	at ring.middleware.format_params$wrap_format_params$fn__31576.invoke(format_params.clj:119) [na:na]
	at ring.middleware.format_params$wrap_format_params$fn__31576.invoke(format_params.clj:119) [na:na]
	at compojure.api.middleware$wrap_exceptions$fn__35781.invoke(middleware.clj:43) [na:na]
	at ring.middleware.format_response$wrap_format_response$fn__31743.invoke(format_response.clj:194) [na:na]
	at ring.middleware.keyword_params$wrap_keyword_params$fn__31883.invoke(keyword_params.clj:36) [na:na]
	at ring.middleware.nested_params$wrap_nested_params$fn__31931.invoke(nested_params.clj:89) [na:na]
	at ring.middleware.params$wrap_params$fn__32005.invoke(params.clj:67) [na:na]
	at compojure.api.middleware$wrap_options$fn__35791.invoke(middleware.clj:74) [na:na]
	at compojure.api.routes.Route.invoke(routes.clj:74) [na:na]
	at clojure.lang.Var.invoke(Var.java:379) [clojure-1.8.0.jar:na]
	at compojure.core$routing$fn__27817.invoke(core.clj:185) [na:na]
	at clojure.core$some.invokeStatic(core.clj:2592) [clojure-1.8.0.jar:na]
	at clojure.core$some.invoke(core.clj:2583) [clojure-1.8.0.jar:na]
	at compojure.core$routing.invokeStatic(core.clj:185) [na:na]
	at compojure.core$routing.doInvoke(core.clj:182) [na:na]
	at clojure.lang.RestFn.applyTo(RestFn.java:139) [clojure-1.8.0.jar:na]
	at clojure.core$apply.invokeStatic(core.clj:648) [clojure-1.8.0.jar:na]
	at clojure.core$apply.invoke(core.clj:641) [clojure-1.8.0.jar:na]
	at compojure.core$routes$fn__27821.invoke(core.clj:192) [na:na]
	at clojure.lang.Var.invoke(Var.java:379) [clojure-1.8.0.jar:na]
	at ring.middleware.reload$wrap_reload$fn__42919.invoke(reload.clj:39) [na:na]
	at selmer.middleware$wrap_error_page$fn__42932.invoke(middleware.clj:9) [na:na]
	at prone.middleware$wrap_exceptions$fn__43130.invoke(middleware.clj:126) [na:na]
	at orbis_grcmanager.middleware$wrap_identity$fn__45835.invoke(middleware.clj:61) [na:na]
	at buddy.auth.middleware$wrap_authentication$fn__45790.invoke(middleware.clj:42) [na:na]
	at buddy.auth.middleware$wrap_authorization$fn__45798.invoke(middleware.clj:94) [na:na]
	at ring.middleware.webjars$wrap_webjars$fn__43175.invoke(webjars.clj:40) [na:na]
	at ring.middleware.flash$wrap_flash$fn__43210.invoke(flash.clj:39) [na:na]
	at immutant.web.internal.undertow$wrap_undertow_session$fn__45960.invoke(undertow.clj:72) [na:na]
	at ring.middleware.keyword_params$wrap_keyword_params$fn__31883.invoke(keyword_params.clj:36) [na:na]
	at ring.middleware.nested_params$wrap_nested_params$fn__31931.invoke(nested_params.clj:89) [na:na]
	at ring.middleware.multipart_params$wrap_multipart_params$fn__38946.invoke(multipart_params.clj:172) [na:na]
	at ring.middleware.params$wrap_params$fn__32005.invoke(params.clj:67) [na:na]
	at ring.middleware.cookies$wrap_cookies$fn__45459.invoke(cookies.clj:175) [na:na]
	at ring.middleware.absolute_redirects$wrap_absolute_redirects$fn__45669.invoke(absolute_redirects.clj:47) [na:na]
	at ring.middleware.resource$wrap_resource$fn__45598.invoke(resource.clj:37) [na:na]
	at ring.middleware.content_type$wrap_content_type$fn__37448.invoke(content_type.clj:34) [na:na]
	at ring.middleware.default_charset$wrap_default_charset$fn__45641.invoke(default_charset.clj:31) [na:na]
	at ring.middleware.not_modified$wrap_not_modified$fn__37478.invoke(not_modified.clj:53) [na:na]
	at ring.middleware.x_headers$wrap_x_header$fn__45330.invoke(x_headers.clj:22) [na:na]
	at ring.middleware.x_headers$wrap_x_header$fn__45330.invoke(x_headers.clj:22) [na:na]
	at ring.middleware.x_headers$wrap_x_header$fn__45330.invoke(x_headers.clj:22) [na:na]
	at orbis_grcmanager.middleware$wrap_context$fn__45823.invoke(middleware.clj:33) [na:na]
	at orbis_grcmanager.middleware$wrap_internal_error$fn__45829.invoke(middleware.clj:38) [na:na]
	at immutant.web.internal.undertow$create_http_handler$reify__46071.handleRequest(undertow.clj:239) [na:na]
	at org.projectodd.wunderboss.web.undertow.async.websocket.UndertowWebsocket$2.handleRequest(UndertowWebsocket.java:107) [wunderboss-web-undertow-0.12.2.jar:na]
	at io.undertow.server.session.SessionAttachmentHandler.handleRequest(SessionAttachmentHandler.java:68) [undertow-core-1.3.23.Final.jar:1.3.23.Final]
	at io.undertow.server.Connectors.executeRootHandler(Connectors.java:202) [undertow-core-1.3.23.Final.jar:1.3.23.Final]
	at io.undertow.server.HttpServerExchange$1.run(HttpServerExchange.java:802) [undertow-core-1.3.23.Final.jar:1.3.23.Final]
	at java.util.concurrent.ThreadPoolExecutor.runWorker(ThreadPoolExecutor.java:1142) [na:1.8.0_131]
	at java.util.concurrent.ThreadPoolExecutor$Worker.run(ThreadPoolExecutor.java:617) [na:1.8.0_131]
	at java.lang.Thread.run(Thread.java:748) [na:1.8.0_131]
